[INFO] /Users/Alessandro/Desktop/people/Alessandro/website/my note taking app/Advanced Micro/Exam material/Take_home/research/repl/bbf_data/data_pub.dta
[INFO] N obs = 707, columns = 49
[INFO] columns sample: ['country', 'year', 'H', 'HE', 'e', 'w', 'h', 'H_m', 'HE_m', 'e_m', 'h_m', 'H_f', 'HE_f', 'e_f', 'h_f', 'H_1524', 'HE_1524', 'e_1524', 'h_1524', 'H_2554', 'HE_2554', 'e_2554', 'h_2554', 'H_5564', 'HE_5564', 'e_5564', 'h_5564', 'e_enrolled', 'h_enrolled', 'HE_enrolled']
country col candidates: ['country']
year    col candidates: ['year']
['at' 'be' 'bg' 'ch' 'cz' 'de' 'dk' 'es' 'fr' 'gr' 'hu' 'ie' 'it' 'nl'
 'no' 'pl' 'pt' 'se' 'uk' 'us']
year range: 1983.0 to 2019.0
Keeping: ['country', 'year', 'H', 'HE', 'h', 'w', 'e']

[2019 cross-section]
country   year           H          HE         h         w        e
     at 2019.0 1147.383423 1565.026733 35.248348 44.400002 0.733140
     be 2019.0 1088.966675 1671.483887 36.179306 46.200001 0.651497
     ch 2019.0 1309.576660 1635.058594 36.094009 45.299999 0.800936
     cz 2019.0 1341.950684 1789.925415 39.762527 45.015385 0.749724
     de 2019.0 1128.907959 1471.679688 33.940952 43.360001 0.767088
     dk 2019.0 1094.677734 1461.356689 33.062366 44.200001 0.749083
     es 2019.0 1014.398743 1637.368042 36.429131 44.946667 0.619530
     fr 2019.0 1032.384521 1577.364990 35.630390 44.270214 0.654499
     gr 2019.0 1034.617310 1831.549316 40.701096 45.000000 0.564886
     hu 2019.0 1289.886353 1840.495972 39.860584 46.173332 0.700836
     ie 2019.0 1111.387817 1613.868164 35.547756 45.400002 0.688648
     it 2019.0  961.254089 1633.711792 36.466782 44.799999 0.588387
     nl 2019.0 1138.861816 1463.187500 31.421350 46.566666 0.778343
     no 2019.0 1093.847046 1468.062256 32.503223 45.166668 0.745096
     pl 2019.0 1242.290527 1821.371948 39.521397 46.085716 0.682063
     pt 2019.0 1211.887695 1743.050903 38.563072 45.200001 0.695268
     se 2019.0 1217.192505 1578.784790 35.240734 44.799999 0.770968
     uk 2019.0 1214.559448 1623.918091 35.676514 45.517849 0.747919
     us 2019.0 1338.057373 1873.393066 38.821976 48.255993 0.714243

[US 2019] H=1338.1  HE=1873.4  e=0.7142

[Decomposition: log-gap vs US, 2019]
country        H       HE       e  lnH_gap  intensive_share_%  extensive_share_%
     at 1147.383 1565.027   0.733    0.154            116.986            -16.986
     be 1088.967 1671.484   0.651    0.206             55.362             44.638
     ch 1309.577 1635.059   0.801    0.022            632.457           -532.457
     cz 1341.951 1789.925   0.750   -0.003          -1568.684           1668.687
     de 1128.908 1471.680   0.767    0.170            141.995            -41.995
     dk 1094.678 1461.357   0.749    0.201            123.724            -23.724
     es 1014.399 1637.368   0.620    0.277             48.628             51.372
     fr 1032.385 1577.365   0.654    0.259             66.319             33.681
     gr 1034.617 1831.549   0.565    0.257              8.783             91.217
     hu 1289.886 1840.496   0.701    0.037             48.319             51.680
     ie 1111.388 1613.868   0.689    0.186             80.339             19.661
     it  961.254 1633.712   0.588    0.331             41.392             58.608
     nl 1138.862 1463.188   0.778    0.161            153.319            -53.319
     no 1093.847 1468.062   0.745    0.202            120.986            -20.986
     pl 1242.291 1821.372   0.682    0.074             37.921             62.079
     pt 1211.888 1743.051   0.695    0.099             72.814             27.186
     se 1217.193 1578.785   0.771    0.095            180.725            -80.725
     uk 1214.559 1623.918   0.748    0.097            147.577            -47.577
     us 1338.057 1873.393   0.714    0.000                NaN                NaN
