=== Country-level avg hours per employed (52*weekly) by income tercile ===
country     year   q_e9ry  avg_h_per_emp_weekly  avg_h_per_emp_annual
    KEN  2005.00     1.00                 51.30               2667.66
    UGA  2010.00     1.00                 48.27               2510.20
    TZA  2009.00     1.00                 68.74               3574.55
    TLS  2007.00     1.00                 45.28               2354.76
    RWA  2011.00     1.00                 43.68               2271.16
    PAK  2011.00     1.00                 48.93               2544.61
    MWI  2004.00     1.00                 32.92               1711.65
    KHM  2011.00     1.00                 51.71               2688.97
    GHA  1998.00     1.00                 47.21               2454.96
    VNM  2002.00     1.00                 45.41               2361.13
    ECU  2005.00     2.00                 46.92               2439.79
    LVA  2005.00     2.00                 39.51               2054.39
    BGR  2005.00     2.00                 34.26               1781.68
    COL  2008.00     2.00                 49.26               2561.69
    BWA  2005.00     2.00                 48.61               2527.60
    PER  2010.00     2.00                 43.61               2267.68
    MNG  2006.00     2.00                 44.53               2315.72
    ROM  2005.00     2.00                 41.46               2155.83
    IRQ  2007.00     2.00                 41.82               2174.85
    POL  2005.00     3.00                 37.96               1973.97
    PRT  2005.00     3.00                 35.33               1836.96
    CHE  2010.00     3.00                 31.34               1629.67
    SVN  2005.00     3.00                 35.29               1835.03
    SWE  2005.00     3.00                 29.52               1534.94
    TUR  2011.00     3.00                 49.45               2571.63
    BEL  2005.00     3.00                 29.63               1540.57
    SVK  2005.00     3.00                 38.28               1990.70
    NLD  2005.00     3.00                 26.48               1377.03
    MUS  2010.00     3.00                 40.67               2115.01
    DNK  2005.00     3.00                 29.95               1557.47
    LTU  2005.00     3.00                 36.58               1902.33
    CZE  2005.00     3.00                 36.98               1922.81
    USA  2005.00     3.00                 35.04               1821.98
    ITA  2005.00     3.00                 32.16               1672.54
    IRL  2009.00     3.00                 30.03               1561.57
    HUN  2005.00     3.00                 37.57               1953.60
    GRC  2005.00     3.00                 37.54               1952.16
    DEU  2005.00     3.00                 32.10               1669.19
    GBR  2008.00     3.00                 31.28               1626.80
    FRA  2005.00     3.00                 30.00               1559.96
    FIN  2005.00     3.00                 31.80               1653.82
    EST  2005.00     3.00                 38.67               2010.59
    ESP  2005.00     3.00                 32.55               1692.81
    CYP  2005.00     3.00                 35.52               1847.26
    AUT  2005.00     3.00                 32.20               1674.64

=== Mean by income tercile ===
        n_countries  weekly_h_per_emp  annual_h_per_emp
q_e9ry                                                 
1.0              10             48.35           2513.97
2.0               9             43.33           2253.25
3.0              26             34.38           1787.89

=== Selected countries: avg hours_paid_empl across 10 deciles (weekly) ===
  USA: weekly=35.04  annual=1822  n_obs=10
  DEU: weekly=32.10  annual=1669  n_obs=10
  FRA: weekly=30.00  annual=1560  n_obs=10
  ITA: weekly=32.16  annual=1673  n_obs=10
  IRL: weekly=30.03  annual=1562  n_obs=10
  SWE: weekly=29.52  annual=1535  n_obs=10
  UGA: weekly=48.27  annual=2510  n_obs=10
  KEN: weekly=51.30  annual=2668  n_obs=10
  BWA: weekly=48.61  annual=2528  n_obs=10
