========================================================================

[FILE] DATA_SIGMA.dta  rows=1517, cols=3
  cols: ['country', 'year', 'sigma']
  countries: ['Albania', 'Angola', 'Argentina', 'Armenia', 'Australia', 'Austria', 'Azerbaijan', 'Bahamas', 'Bangladesh', 'Barbados', 'Belarus', 'Belgium', 'Benin', 'Bolivia', 'Botswana', 'Brazil', 'Bulgaria', 'Burundi', 'Cambodia', 'Cameroon', 'Canada', 'Central African Republic', 'Chad', 'Chile', 'China', 'Congo', 'Costa Rica', 'Croatia', 'Cyprus', 'Czech Republic']
  year range: 1990 - 2005
  year                 n= 1517  mean= 1998.1846  min= 1990.0000  max= 2005.0000
  sigma                n=  351  mean=    0.3519  min=    0.0000  max=    1.6784

[FILE] PWT.dta  rows=10354, cols=9
  cols: ['country', 'year', 'pop', 'emp', 'gdp', 'tfp', 'g_y_pwt', 'labprod', 'g_y_pwt2']
  countries: ['Albania', 'Angola', 'Antigua and Barbuda', 'Argentina', 'Armenia', 'Australia', 'Austria', 'Azerbaijan', 'Bahamas', 'Bahrain', 'Bangladesh', 'Barbados', 'Belarus', 'Belgium', 'Belize', 'Benin', 'Bermuda', 'Bhutan', 'Bolivia', 'Bosnia and Herzegovina', 'Botswana', 'Brazil', 'Brunei Darussalam', 'Bulgaria', 'Burkina Faso', 'Burundi', 'Cambodia', 'Cameroon', 'Canada', 'Cape Verde']
  year range: 1950 - 2011
  year                 n=10354  mean= 1980.5000  min= 1950.0000  max= 2011.0000
  pop                  n= 8275  mean=   31.1497  min=    0.0407  max= 1324.3533
  emp                  n= 7214  mean=   14.6240  min=    0.0238  max=  784.4269
  gdp                  n= 8275  mean=212826.9273  min=-286251.7500  max=13227917.0000
  tfp                  n= 5243  mean=    0.7230  min=   -0.0372  max=    7.3641
  g_y_pwt              n= 8275  mean=    0.2040  min=   -2.1560  max=    2.5494

[FILE] SWIID.dta  rows=4627, cols=4
  cols: ['country', 'year', 'avg_gini_market_string', 'avg_gini_market']
  countries: ['Afghanistan', 'Albania', 'Algeria', 'Andorra', 'Angola', 'Anguilla', 'Argentina', 'Armenia', 'Australia', 'Austria', 'Azerbaijan', 'Bahamas', 'Bangladesh', 'Barbados', 'Belarus', 'Belgium', 'Belize', 'Benin', 'Bhutan', 'Bolivia', 'Bosnia and Herzegovina', 'Botswana', 'Brazil', 'Bulgaria', 'Burkina Faso', 'Burundi', 'Cambodia', 'Cameroon', 'Canada', 'Cape Verde']
  year range: 1960 - 2013
  year                 n= 4627  mean= 1992.5615  min= 1960.0000  max= 2013.0000
  avg_gini_market      n= 4625  mean=   43.7214  min=   17.3398  max=   72.8500

[FILE] WID.dta  rows=1646, cols=3
  cols: ['country', 'year', 'paretocoeff']
  countries: ['Argentina', 'Australia', 'Canada', 'China', 'Colombia', 'Denmark', 'France', 'Germany', 'Ghana', 'India', 'Indonesia', 'Ireland', 'Italy', 'Japan', 'Kenya', 'Korea', 'Malawi', 'Malaysia', 'Mauritius', 'Netherlands', 'New Zealand', 'Nigeria', 'Norway', 'Portugal', 'Singapore', 'South Africa', 'Spain', 'Sweden', 'Switzerland', 'Taiwan']
  year range: 1950 - 2015
  year                 n= 1646  mean= 1979.7770  min= 1950.0000  max= 2015.0000
  paretocoeff          n= 1292  mean=    2.4070  min=    1.2320  max=    5.6950

[FILE] WTI.dta  rows=3613, cols=14
  cols: ['country', 'year', 'wb_classif', 'region', 'oecd', 'ar_y', 'ar_2y', 'ar_3y', 'ar_4y', 'mr_y', 'mr_2y', 'mr_3y', 'mr_4y', 'mrp_all']
  countries: ['Albania', 'Algeria', 'Angola', 'Antigua and Barbuda', 'Argentina', 'Armenia', 'Australia', 'Austria', 'Azerbaijan', 'Bahamas', 'Bahrain', 'Bangladesh', 'Barbados', 'Belarus', 'Belgium', 'Belize', 'Benin', 'Bermuda', 'Bolivia', 'Bosnia and Herzegovina', 'Botswana', 'Brazil', 'British Virgin Islands', 'Brunei Darussalam', 'Bulgaria', 'Burkina Faso', 'Burundi', 'Cambodia', 'Cameroon', 'Canada']
  year range: 1981 - 2005
  year                 n= 3613  mean= 1994.1464  min= 1981.0000  max= 2005.0000
  oecd                 n= 3613  mean=    0.1985  min=    0.0000  max=    1.0000
  ar_y                 n= 3082  mean=    7.0962  min=    0.0000  max=   52.2892
  ar_2y                n= 3082  mean=   11.1748  min=    0.0000  max=   66.9460
  ar_3y                n= 3082  mean=   13.9763  min=    0.0000  max=   73.8773
  ar_4y                n= 3082  mean=   16.0560  min=    0.0000  max=   77.3430
