country  ext_share regime
     at      -17.0     NW
     be       44.6     ME
     de      -42.0     NW
     dk      -23.7     NW
     es       51.4     ME
     fr       33.7     ME
     gr       91.2     ME
     hu       51.7     ME
     ie       19.7     ME
     it       58.6     ME
     nl      -53.3     NW
     no      -21.0     NW
     pl       62.1     ME
     pt       27.2     ME
     se      -80.7     NW
     uk      -47.6     NW

[NW]   n=7  mean= -40.8  median= -42.0  range=[-81,-17]
[ME]   n=9  mean=  48.9  median=  51.4  range=[20,91]

Bimodality: countries with extensive share in [-10%, +10%]: 0
Welch t = 8.08  (gap = 89.7 pp,  s.e. = 11.1)

OLS: ext_share = -40.8 + 89.7 * 1(Mediterranean+East)
     s.e.(beta) = 11.0,  t(beta) = 8.13,  R^2 = 0.825,  n = 16
